0 info it worked if it ends with ok
1 verbose cli [ 'node', '/usr/local/bin/npm', 'start' ]
2 info using npm@2.1.5
3 info using node@v0.10.32
4 verbose node symlink /usr/local/bin/node
5 verbose run-script [ 'prestart', 'start', 'poststart' ]
6 info prestart skylinkcc@0.4.0
7 verbose unsafe-perm in lifecycle true
8 info start skylinkcc@0.4.0
9 verbose unsafe-perm in lifecycle true
10 info skylinkcc@0.4.0 Failed to exec start script
11 verbose stack Error: skylinkcc@0.4.0 start: `node server.js`
11 verbose stack Exit status 8
11 verbose stack     at ChildProcess.<anonymous> (/usr/local/lib/node_modules/npm/lib/utils/lifecycle.js:212:16)
11 verbose stack     at ChildProcess.emit (events.js:98:17)
11 verbose stack     at maybeClose (child_process.js:756:16)
11 verbose stack     at Process.ChildProcess._handle.onexit (child_process.js:823:5)
12 verbose pkgid skylinkcc@0.4.0
13 verbose cwd /Users/tnguyen/SkylinkCC
14 error Darwin 14.0.0
15 error argv "node" "/usr/local/bin/npm" "start"
16 error node v0.10.32
17 error npm  v2.1.5
18 error code ELIFECYCLE
19 error skylinkcc@0.4.0 start: `node server.js`
19 error Exit status 8
20 error Failed at the skylinkcc@0.4.0 start script.
20 error This is most likely a problem with the skylinkcc package,
20 error not with npm itself.
20 error Tell the author that this fails on your system:
20 error     node server.js
20 error You can get their info via:
20 error     npm owner ls skylinkcc
20 error There is likely additional logging output above.
21 verbose exit [ 1, true ]
